<?xml version="1.0" encoding="UTF-8"?>
<!-- Generated by org.testng.reporters.JUnitReportReporter -->
<testsuite hostname="Ashwini" failures="0" tests="1" name="TestCases.CheckOutFineshPageTest" time="34.507" errors="0" timestamp="2022-11-03T15:29:22 IST" skipped="0">
  <testcase classname="TestCases.CheckOutFineshPageTest" name="clickOnFinishBtnTest" time="34.507"/>
  <system-out/>
</testsuite> <!-- TestCases.CheckOutFineshPageTest -->
