<?xml version="1.0" encoding="UTF-8"?>
<!-- Generated by org.testng.reporters.JUnitReportReporter -->
<testsuite hostname="Ashwini" failures="0" tests="2" name="TestCases.CheckOutPAgeTest" time="25.763" errors="0" timestamp="2022-11-03T19:54:46 IST" skipped="0">
  <testcase classname="TestCases.CheckOutPAgeTest" name="checkOutPageTest" time="13.694"/>
  <system-out/>
  <testcase classname="TestCases.CheckOutPAgeTest" name="getcheckoutfinalTest" time="12.069"/>
  <system-out/>
</testsuite> <!-- TestCases.CheckOutPAgeTest -->
