<?xml version="1.0" encoding="UTF-8"?>
<!-- Generated by org.testng.reporters.JUnitReportReporter -->
<testsuite hostname="Ashwini" failures="0" tests="3" name="TestCases.InventoryPageTest" time="22.257" errors="0" timestamp="2022-11-11T12:27:58 IST" skipped="0">
  <testcase classname="TestCases.InventoryPageTest" name="selectBoxTest" time="9.769"/>
  <system-out>
    <![CDATA[Get Select Box menu:5]]>
  </system-out>
  <testcase classname="TestCases.InventoryPageTest" name="removeTest" time="5.050"/>
  <system-out/>
  <testcase classname="TestCases.InventoryPageTest" name="gotonextpageTest" time="7.438"/>
  <system-out>
    <![CDATA[Next Page verify text:DESCRIPTION]]>
  </system-out>
</testsuite> <!-- TestCases.InventoryPageTest -->
