<?xml version="1.0" encoding="UTF-8"?>
<!-- Generated by org.testng.reporters.JUnitReportReporter -->
<testsuite hostname="Ashwini" failures="0" tests="4" name="TestCases.ParallelTest" time="80.185" errors="0" timestamp="2022-11-11T11:10:40 IST" skipped="0">
  <testcase classname="TestCases.ParallelTest" name="sauseLab" time="20.222"/>
  <system-out/>
  <testcase classname="TestCases.ParallelTest" name="openFB" time="19.937"/>
  <system-out/>
  <testcase classname="TestCases.ParallelTest" name="opengoogle" time="20.433"/>
  <system-out/>
  <testcase classname="TestCases.ParallelTest" name="openGmail" time="19.593"/>
  <system-out/>
</testsuite> <!-- TestCases.ParallelTest -->
