<?xml version="1.0" encoding="UTF-8"?>
<!-- Generated by org.testng.reporters.JUnitReportReporter -->
<testsuite hostname="Ashwini" failures="0" tests="3" name="TestCases.CartPageTest" time="24.804" errors="0" timestamp="2022-11-02T13:11:54 IST" skipped="0">
  <testcase classname="TestCases.CartPageTest" name="removeCartPageItemTest" time="8.989"/>
  <system-out/>
  <testcase classname="TestCases.CartPageTest" name="clickCheckOutTest" time="11.459"/>
  <system-out/>
  <testcase classname="TestCases.CartPageTest" name="verifyCartTitleTest" time="4.356"/>
  <system-out/>
</testsuite> <!-- TestCases.CartPageTest -->
