<?xml version="1.0" encoding="UTF-8"?>
<!-- Generated by org.testng.reporters.JUnitReportReporter -->
<testsuite hostname="Ashwini" failures="0" tests="1" name="TestCases.checkOutCompletePageTest" time="15.001" errors="0" timestamp="2022-11-03T16:08:45 IST" skipped="0">
  <testcase classname="TestCases.checkOutCompletePageTest" name="menuclick" time="15.001"/>
  <system-out/>
</testsuite> <!-- TestCases.checkOutCompletePageTest -->
