<?xml version="1.0" encoding="UTF-8"?>
<!-- Generated by org.testng.reporters.JUnitReportReporter -->
<testsuite hostname="Ashwini" failures="0" tests="1" name="TestCases.GroupPageTest" time="10.145" errors="0" timestamp="2022-11-11T11:47:31 IST" skipped="0">
  <testcase classname="TestCases.GroupPageTest" name="checkOutPageTest" time="10.145"/>
  <system-out/>
</testsuite> <!-- TestCases.GroupPageTest -->
